2017-06-05, 06:23:01 Created NUL: /Users/jamesvalentine/dev/PHP-Photo-Archive/archive/thumbs/index.php
2017-06-05, 06:23:01 Created DIR: /Users/jamesvalentine/dev/PHP-Photo-Archive/archive/thumbs/Landscape
2017-06-05, 06:23:01 Created NUL: /Users/jamesvalentine/dev/PHP-Photo-Archive/archive/thumbs/Landscape/index.php
2017-06-05, 06:23:02 Created IMG: /Users/jamesvalentine/dev/PHP-Photo-Archive/archive/thumbs/Landscape/01-jpeter2.jpg
2017-06-05, 06:23:02 Created IMG: /Users/jamesvalentine/dev/PHP-Photo-Archive/archive/thumbs/Landscape/02-tpsdave.jpg
2017-06-05, 06:23:02 Created IMG: /Users/jamesvalentine/dev/PHP-Photo-Archive/archive/thumbs/Landscape/03-kalasoft.jpg
2017-06-05, 06:23:02 Created IMG: /Users/jamesvalentine/dev/PHP-Photo-Archive/archive/thumbs/Landscape/04-danigeza.jpg
2017-06-05, 06:23:03 Created IMG: /Users/jamesvalentine/dev/PHP-Photo-Archive/archive/thumbs/Landscape/05-HypoArt.jpg
2017-06-05, 06:23:03 Created IMG: /Users/jamesvalentine/dev/PHP-Photo-Archive/archive/thumbs/Landscape/06-sebadelval.jpg
2017-06-05, 06:23:03 Created IMG: /Users/jamesvalentine/dev/PHP-Photo-Archive/archive/thumbs/Landscape/07-xisdom.jpg
2017-06-05, 06:23:03 Created DIR: /Users/jamesvalentine/dev/PHP-Photo-Archive/archive/thumbs/Plants
2017-06-05, 06:23:03 Created NUL: /Users/jamesvalentine/dev/PHP-Photo-Archive/archive/thumbs/Plants/index.php
2017-06-05, 06:23:03 Created IMG: /Users/jamesvalentine/dev/PHP-Photo-Archive/archive/thumbs/Plants/01-flyupmike.jpg
2017-06-05, 06:23:03 Created IMG: /Users/jamesvalentine/dev/PHP-Photo-Archive/archive/thumbs/Plants/02-jbom411.jpg
2017-06-05, 06:23:03 Created IMG: /Users/jamesvalentine/dev/PHP-Photo-Archive/archive/thumbs/Plants/03-giani.jpg
2017-06-05, 06:23:03 Created DIR: /Users/jamesvalentine/dev/PHP-Photo-Archive/archive/thumbs/Plants/Roses
2017-06-05, 06:23:03 Created NUL: /Users/jamesvalentine/dev/PHP-Photo-Archive/archive/thumbs/Plants/Roses/index.php
2017-06-05, 06:23:04 Created IMG: /Users/jamesvalentine/dev/PHP-Photo-Archive/archive/thumbs/Plants/Roses/01-zsoravecz.jpg
2017-06-05, 06:23:04 Created IMG: /Users/jamesvalentine/dev/PHP-Photo-Archive/archive/thumbs/Plants/Roses/02-Josch13.jpg
2017-06-05, 06:23:04 Created DIR: /Users/jamesvalentine/dev/PHP-Photo-Archive/archive/thumbs/Videos
2017-06-05, 06:23:04 Created NUL: /Users/jamesvalentine/dev/PHP-Photo-Archive/archive/thumbs/Videos/index.php
